[2025-12-01 16:12:37] error: [GET] /api/user -> Internal server error | Detail: "\nInvalid `PrismaService.client.user.findUnique()` invocation in\nD:\\Ashray\\orphan_dx\\server\\src\\controllers\\user.controller.ts:13:58\n\n  10 async getProfile(req: Request, res: Response, next: NextFunction) {\n  11   try {\n  12     const { id } = req.params;\n→ 13     const userExists = await PrismaService.client.user.findUnique({\n           where: {\n         +   id: Int\n           }\n         })\n\nArgument `id` is missing."
[2025-12-01 16:13:24] error: [GET] /api/user -> Internal server error | Detail: "\nInvalid `PrismaService.client.user.findUnique()` invocation in\nD:\\Ashray\\orphan_dx\\server\\src\\controllers\\user.controller.ts:13:58\n\n  10 async getProfile(req: Request, res: Response, next: NextFunction) {\n  11   try {\n  12     const { id } = req.params;\n→ 13     const userExists = await PrismaService.client.user.findUnique({\n           where: {\n         +   id: Int\n           }\n         })\n\nArgument `id` is missing."
[2025-12-01 16:22:48] error: [GET] /api/user/ -> Internal server error | Detail: "\nInvalid `PrismaService.client.user.findUnique()` invocation in\nD:\\Ashray\\orphan_dx\\server\\src\\controllers\\user.controller.ts:13:58\n\n  10 async getProfile(req: Request, res: Response, next: NextFunction) {\n  11   try {\n  12     const { id } = req.params;\n→ 13     const userExists = await PrismaService.client.user.findUnique({\n           where: {\n         +   id: Int\n           }\n         })\n\nArgument `id` is missing."
[2025-12-01 16:22:58] error: [POST] /api/user/login -> Internal server error | Detail: "Cannot destructure property 'email' of 'req.body' as it is undefined."
[2025-12-01 16:24:11] error: [POST] /api/user/login -> Internal server error | Detail: "Cannot destructure property 'email' of 'req.body' as it is undefined."
[2025-12-01 16:24:37] info: Prisma adapter initialized
[2025-12-01 16:24:37] info: Prisma client initialized (singleton)
[2025-12-01 16:24:37] info: Prisma connected
[2025-12-01 16:24:37] info: Server running on port 2000
[2025-12-01 16:24:38] error: [POST] /api/user/login -> Internal server error | Detail: "Cannot destructure property 'email' of 'req.body' as it is undefined."
[2025-12-01 16:24:49] info: Prisma adapter initialized
[2025-12-01 16:24:49] info: Prisma client initialized (singleton)
[2025-12-01 16:24:49] info: Prisma connected
[2025-12-01 16:24:49] info: Server running on port 2000
[2025-12-01 16:24:58] info: Prisma adapter initialized
[2025-12-01 16:24:58] info: Prisma client initialized (singleton)
[2025-12-01 16:24:58] info: Prisma connected
[2025-12-01 16:24:58] info: Server running on port 2000
[2025-12-01 16:33:07] error: Request body error: [object Object]
[2025-12-01 16:33:22] error: Request body error: [object Object]
[2025-12-01 16:33:28] info: Prisma disconnected
[2025-12-01 16:33:33] info: Prisma adapter initialized
[2025-12-01 16:33:33] info: Prisma client initialized (singleton)
[2025-12-01 16:33:33] info: Prisma connected
[2025-12-01 16:33:33] info: Server running on port 2000
[2025-12-01 16:33:35] error: Request body error: [object Object]
[2025-12-01 16:34:15] info: Prisma adapter initialized
[2025-12-01 16:34:15] info: Prisma client initialized (singleton)
[2025-12-01 16:34:15] info: Prisma connected
[2025-12-01 16:34:15] info: Server running on port 2000
[2025-12-01 16:34:17] error: User not found
[2025-12-01 16:34:17] error: [POST] /api/user/login -> Internal server error | Detail: "User not found"
[2025-12-01 16:34:34] info: Prisma adapter initialized
[2025-12-01 16:34:34] info: Prisma client initialized (singleton)
[2025-12-01 16:34:34] info: Prisma connected
[2025-12-01 16:34:34] info: Server running on port 2000
[2025-12-01 16:35:35] error: [GET] /api/user/?id=1 -> Internal server error | Detail: "\nInvalid `PrismaService.client.user.findUnique()` invocation in\nD:\\Ashray\\orphan_dx\\server\\src\\controllers\\user.controller.ts:13:58\n\n  10 async getProfile(req: Request, res: Response, next: NextFunction) {\n  11   try {\n  12     const { id } = req.params;\n→ 13     const userExists = await PrismaService.client.user.findUnique({\n           where: {\n         +   id: Int\n           }\n         })\n\nArgument `id` is missing."
[2025-12-01 16:35:39] error: [GET] /api/user?id=1 -> Internal server error | Detail: "\nInvalid `PrismaService.client.user.findUnique()` invocation in\nD:\\Ashray\\orphan_dx\\server\\src\\controllers\\user.controller.ts:13:58\n\n  10 async getProfile(req: Request, res: Response, next: NextFunction) {\n  11   try {\n  12     const { id } = req.params;\n→ 13     const userExists = await PrismaService.client.user.findUnique({\n           where: {\n         +   id: Int\n           }\n         })\n\nArgument `id` is missing."
[2025-12-01 16:35:55] info: Prisma adapter initialized
[2025-12-01 16:35:55] info: Prisma client initialized (singleton)
[2025-12-01 16:35:55] info: Prisma connected
[2025-12-01 16:35:55] info: Server running on port 2000
[2025-12-01 16:35:56] error: [GET] /api/user?id=1 -> Internal server error | Detail: "\nInvalid `PrismaService.client.user.findFirst()` invocation in\nD:\\Ashray\\orphan_dx\\server\\src\\controllers\\user.controller.ts:13:58\n\n  10 async getProfile(req: Request, res: Response, next: NextFunction) {\n  11   try {\n  12     const { id } = req.params;\n→ 13     const userExists = await PrismaService.client.user.findFirst({\n           where: {\n         +   id: {\n         +     equals: Int | IntFieldRefInput,\n         +     in: Int[] | ListIntFieldRefInput,\n         +     notIn: Int[] | ListIntFieldRefInput,\n         +     lt: Int | IntFieldRefInput,\n         +     lte: Int | IntFieldRefInput,\n         +     gt: Int | IntFieldRefInput,\n         +     gte: Int | IntFieldRefInput,\n         +     not: Int | NestedIntFilter\n         +   }\n           }\n         })\n\nArgument `id` is missing."
[2025-12-01 16:36:52] info: Prisma adapter initialized
[2025-12-01 16:36:52] info: Prisma client initialized (singleton)
[2025-12-01 16:36:52] info: Prisma connected
[2025-12-01 16:36:52] info: Server running on port 2000
[2025-12-01 16:37:05] info: Prisma adapter initialized
[2025-12-01 16:37:05] info: Prisma client initialized (singleton)
[2025-12-01 16:37:05] info: Prisma connected
[2025-12-01 16:37:05] info: Server running on port 2000
[2025-12-01 16:37:18] info: Prisma adapter initialized
[2025-12-01 16:37:18] info: Prisma client initialized (singleton)
[2025-12-01 16:37:18] info: Prisma connected
[2025-12-01 16:37:18] info: Server running on port 2000
[2025-12-01 16:38:53] info: Prisma adapter initialized
[2025-12-01 16:38:53] info: Prisma client initialized (singleton)
[2025-12-01 16:38:53] info: Prisma connected
[2025-12-01 16:38:53] info: Server running on port 2000
[2025-12-01 16:39:19] error: [GET] /api/user -> Internal server error | Detail: "\nInvalid `PrismaService.client.user.findFirst()` invocation in\nD:\\Ashray\\orphan_dx\\server\\src\\controllers\\user.controller.ts:16:58\n\n  13 console.log(\"test\")\n  14 console.log(id)\n  15 \n→ 16 const userExists = await PrismaService.client.user.findFirst({\n       where: {\n     +   id: {\n     +     equals: Int | IntFieldRefInput,\n     +     in: Int[] | ListIntFieldRefInput,\n     +     notIn: Int[] | ListIntFieldRefInput,\n     +     lt: Int | IntFieldRefInput,\n     +     lte: Int | IntFieldRefInput,\n     +     gt: Int | IntFieldRefInput,\n     +     gte: Int | IntFieldRefInput,\n     +     not: Int | NestedIntFilter\n     +   }\n       }\n     })\n\nArgument `id` is missing."
[2025-12-01 16:39:49] info: Prisma adapter initialized
[2025-12-01 16:39:49] info: Prisma client initialized (singleton)
[2025-12-01 16:39:49] info: Prisma connected
[2025-12-01 16:39:49] info: Server running on port 2000
[2025-12-01 16:40:41] info: Prisma adapter initialized
[2025-12-01 16:40:41] info: Prisma client initialized (singleton)
[2025-12-01 16:40:41] info: Prisma connected
[2025-12-01 16:40:41] info: Server running on port 2000
[2025-12-01 16:40:54] error: User not found
[2025-12-01 16:40:54] error: [GET] /api/user/4 -> Internal server error | Detail: "User not found"
[2025-12-01 16:40:57] error: User not found
[2025-12-01 16:40:57] error: [GET] /api/user/4 -> Internal server error | Detail: "User not found"
[2025-12-01 16:40:58] error: User not found
[2025-12-01 16:40:58] error: [GET] /api/user/5 -> Internal server error | Detail: "User not found"
[2025-12-01 16:41:00] error: User not found
[2025-12-01 16:41:00] error: [GET] /api/user/4 -> Internal server error | Detail: "User not found"
[2025-12-01 16:41:03] error: User not found
[2025-12-01 16:41:03] error: [GET] /api/user/7 -> Internal server error | Detail: "User not found"
[2025-12-01 16:41:19] error: User not found
[2025-12-01 16:41:19] error: [POST] /api/user/login -> Internal server error | Detail: "User not found"
[2025-12-01 16:41:24] error: [POST] /api/user/login -> Internal server error | Detail: "Cannot destructure property 'email' of 'req.body' as it is undefined."
[2025-12-01 16:42:00] info: Prisma adapter initialized
[2025-12-01 16:42:00] info: Prisma client initialized (singleton)
[2025-12-01 16:42:00] info: Prisma connected
[2025-12-01 16:42:00] info: Server running on port 2000
[2025-12-01 16:42:10] info: Prisma adapter initialized
[2025-12-01 16:42:10] info: Prisma client initialized (singleton)
[2025-12-01 16:42:10] info: Prisma connected
[2025-12-01 16:42:10] info: Server running on port 2000
[2025-12-01 16:42:12] error: [POST] /api/user/login -> Internal server error | Detail: "Cannot destructure property 'email' of 'req.body' as it is undefined."
[2025-12-01 16:44:11] error: [POST] /api/user/login -> Internal server error | Detail: "Illegal arguments: undefined, string"
[2025-12-01 16:44:18] error: [POST] /api/user/login -> Internal server error | Detail: "Illegal arguments: undefined, string"
[2025-12-01 16:44:53] error: [POST] /api/user/login -> Internal server error | Detail: "Cannot destructure property 'email' of 'req.body' as it is undefined."
[2025-12-01 16:45:17] error: [POST] /api/user/login -> Internal server error | Detail: "Illegal arguments: undefined, string"
[2025-12-01 16:45:24] error: User not found
[2025-12-01 16:45:24] error: [POST] /api/user/login -> Internal server error | Detail: "User not found"
[2025-12-01 16:45:40] info: Prisma adapter initialized
[2025-12-01 16:45:40] info: Prisma client initialized (singleton)
[2025-12-01 16:45:40] info: Prisma connected
[2025-12-01 16:45:40] info: Server running on port 2000
[2025-12-01 16:45:41] error: Request body error: [object Object]
[2025-12-01 16:45:53] info: Prisma disconnected
[2025-12-01 16:45:57] info: Prisma adapter initialized
[2025-12-01 16:45:57] info: Prisma client initialized (singleton)
[2025-12-01 16:45:57] info: Prisma connected
[2025-12-01 16:45:57] info: Server running on port 2000
[2025-12-01 16:46:00] error: Request body error: [object Object]
[2025-12-01 16:46:36] info: Prisma adapter initialized
[2025-12-01 16:46:36] info: Prisma client initialized (singleton)
[2025-12-01 16:46:36] info: Prisma connected
[2025-12-01 16:46:36] info: Server running on port 2000
[2025-12-01 16:46:37] error: Request body error: [object Object]
[2025-12-01 16:47:02] info: Prisma adapter initialized
[2025-12-01 16:47:02] info: Prisma client initialized (singleton)
[2025-12-01 16:47:02] info: Prisma connected
[2025-12-01 16:47:02] info: Server running on port 2000
[2025-12-01 16:47:03] error: Request body error: [object Object]
[2025-12-01 16:47:16] info: Prisma adapter initialized
[2025-12-01 16:47:16] info: Prisma client initialized (singleton)
[2025-12-01 16:47:16] info: Prisma connected
[2025-12-01 16:47:16] info: Server running on port 2000
[2025-12-01 16:47:19] error: Request body error: [object Object]
[2025-12-01 16:47:24] info: Prisma adapter initialized
[2025-12-01 16:47:24] info: Prisma client initialized (singleton)
[2025-12-01 16:47:24] info: Prisma connected
[2025-12-01 16:47:24] info: Server running on port 2000
[2025-12-01 16:47:25] error: Request body error: [object Object]
[2025-12-01 16:47:30] info: Prisma disconnected
[2025-12-01 16:47:36] info: Prisma adapter initialized
[2025-12-01 16:47:36] info: Prisma client initialized (singleton)
[2025-12-01 16:47:36] info: Prisma connected
[2025-12-01 16:47:36] info: Server running on port 2000
[2025-12-01 16:47:37] error: Request body error: [object Object]
[2025-12-01 16:47:41] error: Request body error: [object Object]
[2025-12-01 16:48:42] info: Prisma adapter initialized
[2025-12-01 16:48:42] info: Prisma client initialized (singleton)
[2025-12-01 16:48:42] info: Prisma connected
[2025-12-01 16:48:42] info: Server running on port 2000
[2025-12-01 16:48:43] error: Request body error: [object Object]
[2025-12-01 16:48:43] error: [POST] /api/user/login -> Internal server error
[2025-12-01 16:48:53] info: Prisma disconnected
[2025-12-01 16:48:59] info: Prisma adapter initialized
[2025-12-01 16:48:59] info: Prisma client initialized (singleton)
[2025-12-01 16:48:59] info: Prisma connected
[2025-12-01 16:48:59] info: Server running on port 2000
[2025-12-01 16:51:16] info: Prisma adapter initialized
[2025-12-01 16:51:16] info: Prisma client initialized (singleton)
[2025-12-01 16:51:16] info: Prisma connected
[2025-12-01 16:51:16] info: Server running on port 2000
[2025-12-01 16:51:18] error: Request body error: [object Object]
[2025-12-01 16:51:18] error: [POST] /api/user/login -> Internal server error
[2025-12-01 16:51:41] info: Prisma adapter initialized
[2025-12-01 16:51:41] info: Prisma client initialized (singleton)
[2025-12-01 16:51:41] info: Prisma connected
[2025-12-01 16:51:41] info: Server running on port 2000
[2025-12-01 16:51:41] error: Request body error: [object Object]
[2025-12-01 16:51:41] error: [POST] /api/user/login -> Internal server error
[2025-12-01 16:52:00] info: Prisma adapter initialized
[2025-12-01 16:52:00] info: Prisma client initialized (singleton)
[2025-12-01 16:52:00] info: Prisma connected
[2025-12-01 16:52:00] info: Server running on port 2000
[2025-12-01 16:52:01] error: Request body error: [object Object]
[2025-12-01 16:52:01] error: [POST] /api/user/login -> Internal server error
[2025-12-01 16:52:28] info: Prisma adapter initialized
[2025-12-01 16:52:28] info: Prisma client initialized (singleton)
[2025-12-01 16:52:28] info: Prisma connected
[2025-12-01 16:52:28] info: Server running on port 2000
[2025-12-01 16:52:34] info: Prisma adapter initialized
[2025-12-01 16:52:34] info: Prisma client initialized (singleton)
[2025-12-01 16:52:34] info: Prisma connected
[2025-12-01 16:52:34] info: Server running on port 2000
[2025-12-01 16:52:34] error: Request body error: "email" is required
[2025-12-01 16:52:34] error: [POST] /api/user/login -> Internal server error
[2025-12-01 16:52:49] info: Prisma adapter initialized
[2025-12-01 16:52:49] info: Prisma client initialized (singleton)
[2025-12-01 16:52:49] info: Prisma connected
[2025-12-01 16:52:49] info: Server running on port 2000
[2025-12-01 16:52:50] error: Request body error: "email" is required
[2025-12-01 16:52:57] error: Request body error: "email" is required
[2025-12-01 16:53:39] info: Prisma adapter initialized
[2025-12-01 16:53:39] info: Prisma client initialized (singleton)
[2025-12-01 16:53:39] info: Prisma connected
[2025-12-01 16:53:39] info: Server running on port 2000
[2025-12-01 16:53:47] error: Request body error: "email" is required
[2025-12-01 16:53:47] error: [POST] /api/user/login -> Internal server error
[2025-12-01 16:54:25] info: Prisma adapter initialized
[2025-12-01 16:54:25] info: Prisma client initialized (singleton)
[2025-12-01 16:54:25] info: Prisma connected
[2025-12-01 16:54:25] info: Server running on port 2000
[2025-12-01 16:54:26] error: Request body error: "email" is required
[2025-12-01 16:54:56] info: Prisma adapter initialized
[2025-12-01 16:54:56] info: Prisma client initialized (singleton)
[2025-12-01 16:54:56] info: Prisma connected
[2025-12-01 16:54:56] info: Server running on port 2000
[2025-12-01 16:54:57] error: Request body error: "email" is required
[2025-12-01 16:54:57] error: [POST] /api/user/login -> Internal server error
[2025-12-01 16:54:59] error: Request body error: "email" is required
[2025-12-01 16:54:59] error: [POST] /api/user/login -> Internal server error
[2025-12-01 16:55:18] info: Prisma adapter initialized
[2025-12-01 16:55:18] info: Prisma client initialized (singleton)
[2025-12-01 16:55:18] info: Prisma connected
[2025-12-01 16:55:18] info: Server running on port 2000
[2025-12-01 16:55:19] error: Request body error: "email" is required
[2025-12-01 16:55:19] error: [POST] /api/user/login -> Internal server error
[2025-12-01 16:55:20] error: Request body error: "email" is required
[2025-12-01 16:55:20] error: [POST] /api/user/login -> Internal server error
[2025-12-01 16:55:21] error: Request body error: "email" is required
[2025-12-01 16:55:21] error: [POST] /api/user/login -> Internal server error
[2025-12-01 16:55:22] error: Request body error: "email" is required
[2025-12-01 16:55:22] error: [POST] /api/user/login -> Internal server error
[2025-12-01 16:56:15] error: Request body error: "email" is required
[2025-12-01 16:56:15] error: [POST] /api/user/login -> Internal server error
[2025-12-01 16:56:23] error: Request body error: "email" is required
[2025-12-01 16:56:23] error: [POST] /api/user/login -> Internal server error
[2025-12-01 16:56:53] info: Prisma adapter initialized
[2025-12-01 16:56:53] info: Prisma client initialized (singleton)
[2025-12-01 16:56:53] info: Prisma connected
[2025-12-01 16:56:53] info: Server running on port 2000
[2025-12-01 16:56:54] error: [POST] /api/user/login -> Internal server error | Detail: "Illegal arguments: undefined, string"
[2025-12-01 16:56:55] error: [POST] /api/user/login -> Internal server error | Detail: "Illegal arguments: undefined, string"
[2025-12-01 16:58:09] info: Prisma adapter initialized
[2025-12-01 16:58:09] info: Prisma client initialized (singleton)
[2025-12-01 16:58:09] info: Prisma connected
[2025-12-01 16:58:09] info: Server running on port 2000
[2025-12-01 16:58:09] error: [POST] /api/user/login -> Internal server error | Detail: {}
[2025-12-01 16:58:10] error: [POST] /api/user/login -> Internal server error | Detail: {}
[2025-12-01 16:58:12] error: [POST] /api/user/login -> Internal server error | Detail: {}
[2025-12-01 16:58:19] info: Prisma adapter initialized
[2025-12-01 16:58:19] info: Prisma client initialized (singleton)
[2025-12-01 16:58:19] info: Prisma connected
[2025-12-01 16:58:19] info: Server running on port 2000
[2025-12-01 16:58:27] info: Prisma adapter initialized
[2025-12-01 16:58:27] info: Prisma client initialized (singleton)
[2025-12-01 16:58:27] info: Prisma connected
[2025-12-01 16:58:27] info: Server running on port 2000
[2025-12-01 16:58:28] error: Request body error: "email" is required
[2025-12-01 16:58:28] error: [POST] /api/user/login -> Internal server error
[2025-12-01 16:58:31] error: Request body error: "email" is required
[2025-12-01 16:58:31] error: [POST] /api/user/login -> Internal server error
[2025-12-01 16:58:32] error: Request body error: "email" is required
[2025-12-01 16:58:32] error: [POST] /api/user/login -> Internal server error
[2025-12-01 17:02:27] info: Prisma adapter initialized
[2025-12-01 17:02:27] info: Prisma client initialized (singleton)
[2025-12-01 17:02:27] info: Prisma connected
[2025-12-01 17:02:27] info: Server running on port 2000
[2025-12-01 17:02:28] error: Request body error: "email" is required
[2025-12-01 17:02:28] error: [POST] /api/user/login -> Internal server error
[2025-12-01 17:02:52] info: Prisma adapter initialized
[2025-12-01 17:02:52] info: Prisma client initialized (singleton)
[2025-12-01 17:02:52] info: Prisma connected
[2025-12-01 17:02:52] info: Server running on port 2000
[2025-12-01 17:02:52] error: Request body error: "email" is required
[2025-12-01 17:03:29] info: Prisma adapter initialized
[2025-12-01 17:03:29] info: Prisma client initialized (singleton)
[2025-12-01 17:03:29] info: Prisma connected
[2025-12-01 17:03:29] info: Server running on port 2000
[2025-12-01 17:03:30] error: Request body error: "email" is required
[2025-12-01 17:03:44] info: Prisma adapter initialized
[2025-12-01 17:03:44] info: Prisma client initialized (singleton)
[2025-12-01 17:03:44] info: Prisma connected
[2025-12-01 17:03:44] info: Server running on port 2000
[2025-12-01 17:04:41] error: Request body error: "email" is required
[2025-12-01 17:05:24] info: Prisma adapter initialized
[2025-12-01 17:05:24] info: Prisma client initialized (singleton)
[2025-12-01 17:05:24] info: Prisma connected
[2025-12-01 17:05:24] info: Server running on port 2000
[2025-12-01 17:05:25] error: [POST] /api/user/login -> Internal server error | Detail: "Illegal arguments: undefined, string"
[2025-12-01 17:06:14] info: Prisma adapter initialized
[2025-12-01 17:06:14] info: Prisma client initialized (singleton)
[2025-12-01 17:06:14] info: Prisma connected
[2025-12-01 17:06:14] info: Server running on port 2000
[2025-12-01 17:06:35] error: [POST] /api/user/login -> Internal server error | Detail: "Illegal arguments: undefined, string"
[2025-12-01 17:07:05] info: Prisma adapter initialized
[2025-12-01 17:07:05] info: Prisma client initialized (singleton)
[2025-12-01 17:07:05] info: Prisma connected
[2025-12-01 17:07:05] info: Server running on port 2000
[2025-12-01 17:07:07] error: [POST] /api/user/login -> Internal server error | Detail: {}
[2025-12-01 17:07:19] info: Prisma adapter initialized
[2025-12-01 17:07:19] info: Prisma client initialized (singleton)
[2025-12-01 17:07:19] info: Prisma connected
[2025-12-01 17:07:19] info: Server running on port 2000
[2025-12-01 17:07:19] error: [POST] /api/user/login -> Internal server error | Detail: "Illegal arguments: undefined, string"
[2025-12-01 17:07:21] error: [POST] /api/user/login -> Internal server error | Detail: "Illegal arguments: undefined, string"
[2025-12-01 17:07:27] info: Prisma adapter initialized
[2025-12-01 17:07:27] info: Prisma client initialized (singleton)
[2025-12-01 17:07:27] info: Prisma connected
[2025-12-01 17:07:27] info: Server running on port 2000
[2025-12-01 17:07:29] info: Prisma adapter initialized
[2025-12-01 17:07:29] info: Prisma client initialized (singleton)
[2025-12-01 17:07:29] info: Prisma connected
[2025-12-01 17:07:29] info: Server running on port 2000
[2025-12-01 17:07:46] error: [POST] /api/user/login -> Internal server error | Detail: "Illegal arguments: undefined, string"
[2025-12-01 17:07:58] info: Prisma adapter initialized
[2025-12-01 17:07:58] info: Prisma client initialized (singleton)
[2025-12-01 17:07:58] info: Prisma connected
[2025-12-01 17:07:58] info: Server running on port 2000
[2025-12-01 17:07:58] error: [POST] /api/user/login -> Internal server error | Detail: "Illegal arguments: undefined, string"
[2025-12-01 17:08:00] error: [POST] /api/user/login -> Internal server error | Detail: "Illegal arguments: undefined, string"
[2025-12-01 17:08:12] info: Prisma adapter initialized
[2025-12-01 17:08:12] info: Prisma client initialized (singleton)
[2025-12-01 17:08:12] info: Prisma connected
[2025-12-01 17:08:12] info: Server running on port 2000
[2025-12-01 17:08:12] error: [POST] /api/user/login -> Internal server error | Detail: "Illegal arguments: undefined, string"
[2025-12-01 17:08:13] error: [POST] /api/user/login -> Internal server error | Detail: "Illegal arguments: undefined, string"
[2025-12-01 17:08:14] error: [POST] /api/user/login -> Internal server error | Detail: "Illegal arguments: undefined, string"
[2025-12-01 17:08:15] error: [POST] /api/user/login -> Internal server error | Detail: "Illegal arguments: undefined, string"
[2025-12-01 17:08:24] info: Prisma disconnected
[2025-12-01 17:08:43] info: Prisma adapter initialized
[2025-12-01 17:08:43] info: Prisma client initialized (singleton)
[2025-12-01 17:08:43] info: Prisma connected
[2025-12-01 17:08:43] info: Server running on port 2000
[2025-12-01 17:08:44] error: [POST] /api/user/login -> Internal server error | Detail: "Illegal arguments: undefined, string"
[2025-12-01 17:09:29] info: Prisma adapter initialized
[2025-12-01 17:09:29] info: Prisma client initialized (singleton)
[2025-12-01 17:09:29] info: Prisma connected
[2025-12-01 17:09:29] info: Server running on port 2000
[2025-12-01 17:09:33] error: [POST] /api/user/login -> Internal server error | Detail: "Illegal arguments: undefined, string"
[2025-12-01 17:10:50] info: Prisma adapter initialized
[2025-12-01 17:10:50] info: Prisma client initialized (singleton)
[2025-12-01 17:10:50] info: Prisma connected
[2025-12-01 17:10:50] info: Server running on port 2000
[2025-12-01 17:10:51] error: [POST] /api/user/login -> Internal server error | Detail: "Illegal arguments: undefined, string"
[2025-12-01 17:10:52] error: [POST] /api/user/login -> Internal server error | Detail: "Illegal arguments: undefined, string"
[2025-12-01 17:11:10] info: Prisma adapter initialized
[2025-12-01 17:11:10] info: Prisma client initialized (singleton)
[2025-12-01 17:11:10] info: Prisma connected
[2025-12-01 17:11:10] info: Server running on port 2000
[2025-12-01 17:11:11] error: [POST] /api/user/login -> Internal server error | Detail: "Illegal arguments: undefined, string"
[2025-12-01 17:11:26] info: Prisma adapter initialized
[2025-12-01 17:11:26] info: Prisma client initialized (singleton)
[2025-12-01 17:11:26] info: Prisma connected
[2025-12-01 17:11:26] info: Server running on port 2000
[2025-12-01 17:11:26] error: [POST] /api/user/login -> Internal server error | Detail: "Illegal arguments: undefined, string"
[2025-12-01 17:11:32] error: [POST] /api/user/login -> Internal server error | Detail: "Cannot destructure property 'email' of 'req.body' as it is undefined."
[2025-12-01 17:13:43] info: Prisma adapter initialized
[2025-12-01 17:13:43] info: Prisma client initialized (singleton)
[2025-12-01 17:13:43] info: Prisma connected
[2025-12-01 17:13:43] info: Server running on port 2000
[2025-12-01 17:13:48] info: Prisma adapter initialized
[2025-12-01 17:13:48] info: Prisma client initialized (singleton)
[2025-12-01 17:13:48] info: Prisma connected
[2025-12-01 17:13:48] info: Server running on port 2000
[2025-12-01 17:13:49] error: [POST] /api/user/login -> Internal server error | Detail: "Cannot destructure property 'email' of 'req.body' as it is undefined."
[2025-12-01 17:15:40] info: Prisma adapter initialized
[2025-12-01 17:15:40] info: Prisma client initialized (singleton)
[2025-12-01 17:15:40] info: Prisma connected
[2025-12-01 17:15:40] info: Server running on port 2000
[2025-12-01 17:15:40] error: [POST] /api/user/login -> Internal server error | Detail: "Cannot destructure property 'email' of 'req.body' as it is undefined."
[2025-12-01 17:15:42] error: [POST] /api/user/login -> Internal server error | Detail: "Cannot destructure property 'email' of 'req.body' as it is undefined."
[2025-12-01 17:15:44] error: [POST] /api/user/login -> Internal server error | Detail: "Cannot destructure property 'email' of 'req.body' as it is undefined."
[2025-12-01 17:15:54] info: Prisma adapter initialized
[2025-12-01 17:15:54] info: Prisma client initialized (singleton)
[2025-12-01 17:15:54] info: Prisma connected
[2025-12-01 17:15:54] info: Server running on port 2000
[2025-12-01 17:18:03] info: Prisma adapter initialized
[2025-12-01 17:18:03] info: Prisma client initialized (singleton)
[2025-12-01 17:18:03] info: Prisma connected
[2025-12-01 17:18:03] info: Server running on port 2000
[2025-12-01 17:18:04] error: [POST] /api/user/login -> Internal server error | Detail: "Request body is missing"
[2025-12-01 17:18:19] error: [POST] /api/user/login -> Internal server error | Detail: "Illegal arguments: undefined, string"
[2025-12-01 17:18:22] error: [POST] /api/user/login -> Internal server error | Detail: "Illegal arguments: undefined, string"
[2025-12-01 17:18:23] error: [POST] /api/user/login -> Internal server error | Detail: "Illegal arguments: undefined, string"
[2025-12-01 17:18:30] info: Prisma adapter initialized
[2025-12-01 17:18:30] info: Prisma client initialized (singleton)
[2025-12-01 17:18:31] info: Prisma connected
[2025-12-01 17:18:31] info: Server running on port 2000
[2025-12-01 17:18:34] info: Prisma adapter initialized
[2025-12-01 17:18:34] info: Prisma client initialized (singleton)
[2025-12-01 17:18:34] info: Prisma connected
[2025-12-01 17:18:34] info: Server running on port 2000
[2025-12-01 17:18:35] error: Request body error: "email" is required
[2025-12-01 17:18:35] error: [POST] /api/user/login -> Internal server error
[2025-12-01 17:18:36] error: Request body error: "email" is required
[2025-12-01 17:18:36] error: [POST] /api/user/login -> Internal server error
[2025-12-01 17:18:37] error: Request body error: "email" is required
[2025-12-01 17:18:37] error: [POST] /api/user/login -> Internal server error
[2025-12-01 17:19:05] info: Prisma adapter initialized
[2025-12-01 17:19:05] info: Prisma client initialized (singleton)
[2025-12-01 17:19:05] info: Prisma connected
[2025-12-01 17:19:05] info: Server running on port 2000
[2025-12-01 17:19:08] error: Request body error: "email" is required
[2025-12-01 17:19:08] error: [POST] /api/user/login -> Bad Request | Detail: "\"email\" is required"
[2025-12-01 17:19:26] info: Prisma adapter initialized
[2025-12-01 17:19:26] info: Prisma client initialized (singleton)
[2025-12-01 17:19:26] info: Prisma connected
[2025-12-01 17:19:26] info: Server running on port 2000
[2025-12-01 17:19:27] error: Request body error: "email" is required
[2025-12-01 17:19:27] error: [POST] /api/user/login -> Bad Request | Detail: "\"email\" is required"
[2025-12-01 17:23:40] info: Prisma adapter initialized
[2025-12-01 17:23:40] info: Prisma client initialized (singleton)
[2025-12-01 17:23:40] info: Prisma connected
[2025-12-01 17:23:40] info: Server running on port 2000
[2025-12-01 17:23:44] info: Prisma adapter initialized
[2025-12-01 17:23:44] info: Prisma client initialized (singleton)
[2025-12-01 17:23:44] info: Prisma connected
[2025-12-01 17:23:44] info: Server running on port 2000
[2025-12-01 17:24:42] info: Prisma adapter initialized
[2025-12-01 17:24:42] info: Prisma client initialized (singleton)
[2025-12-01 17:24:42] info: Prisma connected
[2025-12-01 17:24:42] info: Server running on port 2000
[2025-12-01 17:24:47] error: Request body error: "email" is required
[2025-12-01 17:24:47] error: [POST] /api/user/login -> Bad Request | Detail: "\"email\" is required"
[2025-12-01 17:24:48] error: Request body error: "email" is required
[2025-12-01 17:24:48] error: [POST] /api/user/login -> Bad Request | Detail: "\"email\" is required"
[2025-12-01 17:24:52] error: [POST] /api/user/login -> Internal server error | Detail: "Cannot destructure property 'email' of 'req.body' as it is undefined."
[2025-12-01 17:24:56] error: Request body error: "email" is required
[2025-12-01 17:24:56] error: [POST] /api/user/login -> Bad Request | Detail: "\"email\" is required"
[2025-12-01 17:25:04] error: Request body error: "email" is not allowed to be empty
[2025-12-01 17:25:04] error: [POST] /api/user/login -> Bad Request | Detail: "\"email\" is not allowed to be empty"
[2025-12-01 17:25:10] error: Request body error: "email" must be a valid email
[2025-12-01 17:25:10] error: [POST] /api/user/login -> Bad Request | Detail: "\"email\" must be a valid email"
[2025-12-01 17:25:17] error: Request body error: "password" is required
[2025-12-01 17:25:17] error: [POST] /api/user/login -> Bad Request | Detail: "\"password\" is required"
[2025-12-01 17:25:28] error: Request body error: "password" length must be at least 8 characters long
[2025-12-01 17:25:28] error: [POST] /api/user/login -> Bad Request | Detail: "\"password\" length must be at least 8 characters long"
[2025-12-01 17:25:34] error: User not found
[2025-12-01 17:25:34] error: [POST] /api/user/login -> Internal server error | Detail: "User not found"
[2025-12-01 17:25:57] info: Prisma adapter initialized
[2025-12-01 17:25:57] info: Prisma client initialized (singleton)
[2025-12-01 17:25:57] info: Prisma connected
[2025-12-01 17:25:57] info: Server running on port 2000
[2025-12-01 17:26:00] error: User not found
[2025-12-01 17:26:00] error: [POST] /api/user/login -> Internal server error | Detail: "User not found"
[2025-12-01 17:27:02] info: Prisma adapter initialized
[2025-12-01 17:27:02] info: Prisma client initialized (singleton)
[2025-12-01 17:27:02] info: Prisma connected
[2025-12-01 17:27:02] info: Server running on port 2000
[2025-12-01 17:27:02] error: User not found
[2025-12-01 17:27:02] error: [POST] /api/user/login -> User not found
[2025-12-01 17:27:24] info: Prisma adapter initialized
[2025-12-01 17:27:24] info: Prisma client initialized (singleton)
[2025-12-01 17:27:24] info: Prisma connected
[2025-12-01 17:27:24] info: Server running on port 2000
[2025-12-01 17:27:44] error: Request body error: "password" length must be at least 8 characters long
[2025-12-01 17:27:44] error: [POST] /api/user/login -> Bad Request | Detail: "\"password\" length must be at least 8 characters long"
[2025-12-01 17:27:49] error: Invalid credentials
[2025-12-01 17:27:49] error: [POST] /api/user/login -> Invalid credentials
[2025-12-01 17:29:36] info: Prisma adapter initialized
[2025-12-01 17:29:36] info: Prisma client initialized (singleton)
[2025-12-01 17:29:36] info: Prisma connected
[2025-12-01 17:29:36] info: Server running on port 2000
[2025-12-01 17:29:36] error: Invalid credentials
[2025-12-01 17:29:36] error: [POST] /api/user/login -> Invalid credentials
[2025-12-01 17:29:37] error: Invalid credentials
[2025-12-01 17:29:37] error: [POST] /api/user/login -> Invalid credentials
[2025-12-01 17:30:08] error: Invalid credentials
[2025-12-01 17:30:08] error: [POST] /api/user/login -> Invalid credentials
[2025-12-01 17:30:49] info: Prisma adapter initialized
[2025-12-01 17:30:50] info: Prisma client initialized (singleton)
[2025-12-01 17:30:50] info: Prisma connected
[2025-12-01 17:30:50] info: Server running on port 2000
[2025-12-01 17:31:00] info: Prisma adapter initialized
[2025-12-01 17:31:00] info: Prisma client initialized (singleton)
[2025-12-01 17:31:01] info: Prisma connected
[2025-12-01 17:31:01] info: Server running on port 2000
[2025-12-01 17:31:03] info: Prisma adapter initialized
[2025-12-01 17:31:03] info: Prisma client initialized (singleton)
[2025-12-01 17:31:03] info: Prisma connected
[2025-12-01 17:31:03] info: Server running on port 2000
[2025-12-01 17:31:21] error: Invalid credentials
[2025-12-01 17:31:21] error: [POST] /api/user/login -> Invalid credentials
[2025-12-01 17:32:14] error: Invalid credentials
[2025-12-01 17:32:14] error: [POST] /api/user/login -> Invalid credentials
[2025-12-01 17:32:32] error: Invalid credentials
[2025-12-01 17:32:32] error: [POST] /api/user/login -> Invalid credentials
[2025-12-01 17:32:34] error: Invalid credentials
[2025-12-01 17:32:34] error: [POST] /api/user/login -> Invalid credentials
[2025-12-01 17:32:35] error: Invalid credentials
[2025-12-01 17:32:35] error: [POST] /api/user/login -> Invalid credentials
[2025-12-01 17:32:36] error: Invalid credentials
[2025-12-01 17:32:36] error: [POST] /api/user/login -> Invalid credentials
[2025-12-01 17:32:50] error: Invalid credentials
[2025-12-01 17:32:50] error: [POST] /api/user/login -> Invalid credentials
[2025-12-01 17:34:06] error: [POST] /api/user/register -> Internal server error | Detail: "Cannot destructure property 'name' of 'req.body' as it is undefined."
[2025-12-01 17:34:14] error: Request body error: "name" is required
[2025-12-01 17:34:14] error: [POST] /api/user/register -> Bad Request | Detail: "\"name\" is required"
[2025-12-01 17:34:28] error: Request body error: "email" is required
[2025-12-01 17:34:28] error: [POST] /api/user/register -> Bad Request | Detail: "\"email\" is required"
[2025-12-01 17:34:46] error: Request body error: "password" is required
[2025-12-01 17:34:46] error: [POST] /api/user/register -> Bad Request | Detail: "\"password\" is required"
[2025-12-01 17:34:59] error: Request body error: "role" is required
[2025-12-01 17:34:59] error: [POST] /api/user/register -> Bad Request | Detail: "\"role\" is required"
[2025-12-01 17:35:13] error: [POST] /api/user/register -> Internal server error | Detail: "Invalid salt version: 10"
[2025-12-01 17:37:28] info: Prisma adapter initialized
[2025-12-01 17:37:28] info: Prisma client initialized (singleton)
[2025-12-01 17:37:28] info: Prisma connected
[2025-12-01 17:37:28] info: Server running on port 2000
[2025-12-01 17:37:33] error: [POST] /api/user/register -> Internal server error | Detail: "\nInvalid `PrismaService.client.role.findFirst()` invocation in\nD:\\Ashray\\orphan_dx\\server\\src\\controllers\\user.controller.ts:99:58\n\n  96   return next(ApiError.notFound(message));\n  97 }\n  98 \n→ 99 const roleExists = await PrismaService.client.role.findFirst({\n       where: {\n         name: \"Admin2\"\n               ~~~~~~~~\n       }\n     })\n\nInvalid value for argument `name`. Expected UserRole."
[2025-12-01 17:37:41] error: [POST] /api/user/register -> Internal server error
[2025-12-01 17:37:47] error: Request body error: "role" is required
[2025-12-01 17:37:47] error: [POST] /api/user/register -> Bad Request | Detail: "\"role\" is required"
[2025-12-01 17:37:53] error: [POST] /api/user/register -> Internal server error | Detail: "\nInvalid `PrismaService.client.role.findFirst()` invocation in\nD:\\Ashray\\orphan_dx\\server\\src\\controllers\\user.controller.ts:99:58\n\n  96   return next(ApiError.notFound(message));\n  97 }\n  98 \n→ 99 const roleExists = await PrismaService.client.role.findFirst({\n       where: {\n         name: \"Admin2\"\n               ~~~~~~~~\n       }\n     })\n\nInvalid value for argument `name`. Expected UserRole."
[2025-12-01 17:39:02] info: Prisma adapter initialized
[2025-12-01 17:39:02] info: Prisma client initialized (singleton)
[2025-12-01 17:39:02] info: Prisma connected
[2025-12-01 17:39:02] info: Server running on port 2000
[2025-12-01 17:39:04] error: [POST] /api/user/register -> Internal server error | Detail: "\nInvalid `PrismaService.client.role.findFirst()` invocation in\nD:\\Ashray\\orphan_dx\\server\\src\\controllers\\user.controller.ts:101:58\n\n   98 \n   99 console.log({role})\n  100 \n→ 101 const roleExists = await PrismaService.client.role.findFirst({\n        where: {\n          name: \"Admin2\"\n                ~~~~~~~~\n        }\n      })\n\nInvalid value for argument `name`. Expected UserRole."
[2025-12-01 17:39:25] info: Prisma adapter initialized
[2025-12-01 17:39:25] info: Prisma client initialized (singleton)
[2025-12-01 17:39:25] info: Prisma connected
[2025-12-01 17:39:25] info: Server running on port 2000
[2025-12-01 17:39:26] error: [POST] /api/user/register -> Internal server error | Detail: "\nInvalid `PrismaService.client.role.findUnique()` invocation in\nD:\\Ashray\\orphan_dx\\server\\src\\controllers\\user.controller.ts:99:58\n\n  96   return next(ApiError.notFound(message));\n  97 }\n  98 \n→ 99 const roleExists = await PrismaService.client.role.findUnique({\n       where: {\n         name: \"Admin2\"\n               ~~~~~~~~\n       }\n     })\n\nInvalid value for argument `name`. Expected UserRole."
[2025-12-01 17:39:47] info: Prisma adapter initialized
[2025-12-01 17:39:47] info: Prisma client initialized (singleton)
[2025-12-01 17:39:47] info: Prisma connected
[2025-12-01 17:39:47] info: Server running on port 2000
[2025-12-01 17:40:26] error: Request body error: "role" is required
[2025-12-01 17:40:26] error: [POST] /api/user/register -> Bad Request | Detail: "\"role\" is required"
[2025-12-01 17:41:33] info: Prisma adapter initialized
[2025-12-01 17:41:33] info: Prisma client initialized (singleton)
[2025-12-01 17:41:33] info: Prisma connected
[2025-12-01 17:41:33] info: Server running on port 2000
[2025-12-01 17:41:39] info: Prisma adapter initialized
[2025-12-01 17:41:39] info: Prisma client initialized (singleton)
[2025-12-01 17:41:39] info: Prisma connected
[2025-12-01 17:41:39] info: Server running on port 2000
[2025-12-01 17:42:17] info: Prisma adapter initialized
[2025-12-01 17:42:17] info: Prisma client initialized (singleton)
[2025-12-01 17:42:17] info: Prisma connected
[2025-12-01 17:42:17] info: Server running on port 2000
[2025-12-01 17:46:59] info: Prisma adapter initialized
[2025-12-01 17:46:59] info: Prisma client initialized (singleton)
[2025-12-01 17:47:00] info: Prisma connected
[2025-12-01 17:47:00] info: Server running on port 2000
[2025-12-01 17:47:30] info: Prisma adapter initialized
[2025-12-01 17:47:30] info: Prisma client initialized (singleton)
[2025-12-01 17:47:30] info: Prisma connected
[2025-12-01 17:47:30] info: Server running on port 2000
[2025-12-01 17:47:30] error: [POST] /api/user/register -> Internal server error | Detail: "Invalid salt version: 10"
[2025-12-01 17:50:49] info: Prisma adapter initialized
[2025-12-01 17:50:49] info: Prisma client initialized (singleton)
[2025-12-01 17:50:49] info: Prisma connected
[2025-12-01 17:50:49] info: Server running on port 2000
[2025-12-01 17:51:09] info: Prisma adapter initialized
[2025-12-01 17:51:09] info: Prisma client initialized (singleton)
[2025-12-01 17:51:09] info: Prisma connected
[2025-12-01 17:51:09] info: Server running on port 2000
[2025-12-01 17:51:12] info: Prisma adapter initialized
[2025-12-01 17:51:12] info: Prisma client initialized (singleton)
[2025-12-01 17:51:12] info: Prisma connected
[2025-12-01 17:51:12] info: Server running on port 2000
[2025-12-01 17:51:19] error: Request body error: "role" must be one of [ADMIN, PROVIDER, LAB]
[2025-12-01 17:51:19] error: [POST] /api/user/register -> Bad Request | Detail: "\"role\" must be one of [ADMIN, PROVIDER, LAB]"
[2025-12-01 17:51:42] info: Prisma adapter initialized
[2025-12-01 17:51:42] info: Prisma client initialized (singleton)
[2025-12-01 17:51:42] info: Prisma connected
[2025-12-01 17:51:42] info: Server running on port 2000
[2025-12-01 18:00:31] info: Prisma adapter initialized
[2025-12-01 18:00:31] info: Prisma client initialized (singleton)
[2025-12-01 18:00:31] info: Prisma connected
[2025-12-01 18:00:31] info: Server running on port 2000
[2025-12-01 18:01:59] info: Prisma adapter initialized
[2025-12-01 18:01:59] info: Prisma client initialized (singleton)
[2025-12-01 18:01:59] info: Prisma connected
[2025-12-01 18:01:59] info: Server running on port 2000
[2025-12-01 18:05:45] info: Prisma adapter initialized
[2025-12-01 18:05:45] info: Prisma client initialized (singleton)
[2025-12-01 18:05:45] info: Prisma connected
[2025-12-01 18:05:45] info: Server running on port 2000
[2025-12-01 18:10:57] info: Prisma adapter initialized
[2025-12-01 18:10:57] info: Prisma client initialized (singleton)
[2025-12-01 18:10:57] info: Prisma connected
[2025-12-01 18:10:57] info: Server running on port 2000
[2025-12-01 18:15:36] info: Prisma adapter initialized
[2025-12-01 18:15:36] info: Prisma client initialized (singleton)
[2025-12-01 18:15:36] info: Prisma connected
[2025-12-01 18:15:36] info: Server running on port 2000
[2025-12-01 18:15:36] info: Prisma adapter initialized
[2025-12-01 18:15:36] info: Prisma client initialized (singleton)
[2025-12-01 18:15:37] info: Prisma connected
[2025-12-01 18:15:37] info: Server running on port 2000
[2025-12-01 18:24:20] info: Prisma adapter initialized
[2025-12-01 18:24:20] info: Prisma client initialized (singleton)
[2025-12-01 18:24:20] info: Prisma connected
[2025-12-01 18:24:20] info: Server running on port 2000
[2025-12-01 18:25:51] info: Prisma adapter initialized
[2025-12-01 18:25:51] info: Prisma client initialized (singleton)
[2025-12-01 18:25:51] info: Prisma connected
[2025-12-01 18:25:51] info: Server running on port 2000
[2025-12-01 18:25:59] info: Prisma adapter initialized
[2025-12-01 18:25:59] info: Prisma client initialized (singleton)
[2025-12-01 18:25:59] info: Prisma connected
[2025-12-01 18:25:59] info: Server running on port 2000
[2025-12-01 18:28:26] info: Prisma disconnected
[2025-12-01 18:31:31] info: Prisma adapter initialized
[2025-12-01 18:31:31] info: Prisma client initialized (singleton)
[2025-12-01 18:31:31] info: Prisma connected
[2025-12-01 18:31:31] info: Server running on port 2000
[2025-12-01 18:31:35] info: Prisma disconnected
[2025-12-01 18:31:39] info: Prisma adapter initialized
[2025-12-01 18:31:39] info: Prisma client initialized (singleton)
[2025-12-01 18:31:39] info: Prisma connected
[2025-12-01 18:31:39] info: Server running on port 2000
[2025-12-01 18:32:12] error: Role not found
[2025-12-01 18:32:12] error: [POST] /api/user/register -> Role not found
[2025-12-01 18:32:41] info: Prisma disconnected
[2025-12-01 18:32:58] info: Prisma adapter initialized
[2025-12-01 18:32:58] info: Prisma client initialized (singleton)
[2025-12-01 18:32:58] info: Prisma connected
[2025-12-01 18:32:58] info: Server running on port 2000
[2025-12-01 18:33:15] error: Invalid credentials
[2025-12-01 18:33:15] error: [POST] /api/user/login -> Invalid credentials
[2025-12-01 18:33:37] error: Invalid credentials
[2025-12-01 18:33:37] error: [POST] /api/user/login -> Invalid credentials
[2025-12-01 18:35:14] info: Prisma disconnected
[2025-12-01 18:37:02] info: Prisma adapter initialized
[2025-12-01 18:37:02] info: Prisma client initialized (singleton)
[2025-12-01 18:37:02] info: Prisma connected
[2025-12-01 18:37:02] info: Server running on port 2000
[2025-12-01 18:39:06] info: Prisma adapter initialized
[2025-12-01 18:39:06] info: Prisma client initialized (singleton)
[2025-12-01 18:39:06] info: Prisma connected
[2025-12-01 18:39:06] info: Server running on port 2000
[2025-12-01 18:41:23] info: Prisma adapter initialized
[2025-12-01 18:41:23] info: Prisma client initialized (singleton)
[2025-12-01 18:41:23] info: Prisma connected
[2025-12-01 18:41:23] info: Server running on port 2000
[2025-12-01 18:41:49] info: Prisma adapter initialized
[2025-12-01 18:41:49] info: Prisma client initialized (singleton)
[2025-12-01 18:41:49] info: Prisma connected
[2025-12-01 18:41:49] info: Server running on port 2000
[2025-12-01 18:41:59] info: Prisma adapter initialized
[2025-12-01 18:41:59] info: Prisma client initialized (singleton)
[2025-12-01 18:41:59] info: Prisma connected
[2025-12-01 18:41:59] info: Server running on port 2000
[2025-12-01 18:52:59] info: Prisma adapter initialized
[2025-12-01 18:52:59] info: Prisma client initialized (singleton)
[2025-12-01 18:52:59] info: Prisma connected
[2025-12-01 18:52:59] info: Server running on port 2000
[2025-12-01 19:12:30] info: Prisma adapter initialized
[2025-12-01 19:12:30] info: Prisma client initialized (singleton)
[2025-12-01 19:12:30] info: Prisma connected
[2025-12-01 19:12:30] info: Server running on port 2000
[2025-12-01 19:13:40] error: [POST] /api/user/refresh -> Internal server error | Detail: "Cannot destructure property 'refreshToken' of 'req.body' as it is undefined."
[2025-12-01 19:13:53] error: Request body error: "refreshToken" is required
[2025-12-01 19:13:53] error: [POST] /api/user/refresh -> Bad Request | Detail: "\"refreshToken\" is required"
[2025-12-01 19:14:01] error: [POST] /api/user/refresh -> Internal server error
[2025-12-01 19:16:47] info: Prisma adapter initialized
[2025-12-01 19:16:47] info: Prisma client initialized (singleton)
[2025-12-01 19:16:47] info: Prisma connected
[2025-12-01 19:16:47] info: Server running on port 2000
[2025-12-01 19:17:09] error: Token missing
[2025-12-01 19:17:09] error: [GET] /api/user -> Token missing
[2025-12-01 19:18:26] info: Prisma adapter initialized
[2025-12-01 19:18:26] info: Prisma client initialized (singleton)
[2025-12-01 19:18:26] info: Prisma connected
[2025-12-01 19:18:26] info: Server running on port 2000
[2025-12-01 19:18:34] info: Prisma adapter initialized
[2025-12-01 19:18:34] info: Prisma client initialized (singleton)
[2025-12-01 19:18:34] info: Prisma connected
[2025-12-01 19:18:34] info: Server running on port 2000
[2025-12-01 19:19:11] info: Prisma adapter initialized
[2025-12-01 19:19:11] info: Prisma client initialized (singleton)
[2025-12-01 19:19:11] info: Prisma connected
[2025-12-01 19:19:11] info: Server running on port 2000
[2025-12-01 19:19:47] info: Prisma adapter initialized
[2025-12-01 19:19:47] info: Prisma client initialized (singleton)
[2025-12-01 19:19:47] info: Prisma connected
[2025-12-01 19:19:47] info: Server running on port 2000
[2025-12-01 19:19:55] info: Prisma adapter initialized
[2025-12-01 19:19:55] info: Prisma client initialized (singleton)
[2025-12-01 19:19:55] info: Prisma connected
[2025-12-01 19:19:55] info: Server running on port 2000
[2025-12-01 19:22:00] info: Prisma adapter initialized
[2025-12-01 19:22:00] info: Prisma client initialized (singleton)
[2025-12-01 19:22:00] info: Prisma connected
[2025-12-01 19:22:00] info: Server running on port 2000
