[2025-12-02 06:57:09] info: Prisma adapter initialized
[2025-12-02 06:57:09] info: Prisma client initialized (singleton)
[2025-12-02 06:57:09] info: Prisma connected
[2025-12-02 06:57:09] info: Server running on port 2000
[2025-12-02 06:57:38] error: [POST] /api/user/login -> Internal server error | Detail: "\nInvalid `PrismaService.client.user.findUnique()` invocation in\nD:\\Ashray\\orphan_dx\\server\\src\\controllers\\user.controller.ts:55:58\n\n  52 try {\n  53   const { email, password } = req.body;\n  54 \n→ 55   const userExists = await PrismaService.client.user.findUnique(\n"
[2025-12-02 06:58:52] info: Prisma adapter initialized
[2025-12-02 06:58:52] info: Prisma client initialized (singleton)
[2025-12-02 06:58:52] info: Prisma connected
[2025-12-02 06:58:52] info: Server running on port 2000
[2025-12-02 07:00:37] info: Prisma adapter initialized
[2025-12-02 07:00:37] info: Prisma client initialized (singleton)
[2025-12-02 07:00:37] info: Prisma connected
[2025-12-02 07:00:37] info: Server running on port 2000
[2025-12-02 07:02:34] error: [POST] /api/user/login -> Internal server error | Detail: "\nInvalid `PrismaService.client.user.findUnique()` invocation in\nD:\\Ashray\\orphan_dx\\server\\src\\controllers\\user.controller.ts:55:58\n\n  52 try {\n  53   const { email, password } = req.body;\n  54 \n→ 55   const userExists = await PrismaService.client.user.findUnique(\n"
[2025-12-02 07:03:03] info: Prisma adapter initialized
[2025-12-02 07:03:03] info: Prisma client initialized (singleton)
[2025-12-02 07:03:03] info: Prisma connected
[2025-12-02 07:03:03] info: Server running on port 2000
[2025-12-02 07:03:21] error: [POST] /api/user/login -> Internal server error | Detail: "\nInvalid `PrismaService.client.user.findUnique()` invocation in\nD:\\Ashray\\orphan_dx\\server\\src\\controllers\\user.controller.ts:55:58\n\n  52 try {\n  53   const { email, password } = req.body;\n  54 \n→ 55   const userExists = await PrismaService.client.user.findUnique(\n"
[2025-12-02 07:03:23] error: [POST] /api/user/login -> Internal server error | Detail: "\nInvalid `PrismaService.client.user.findUnique()` invocation in\nD:\\Ashray\\orphan_dx\\server\\src\\controllers\\user.controller.ts:55:58\n\n  52 try {\n  53   const { email, password } = req.body;\n  54 \n→ 55   const userExists = await PrismaService.client.user.findUnique(\n"
[2025-12-02 07:03:57] info: Prisma adapter initialized
[2025-12-02 07:03:57] info: Prisma client initialized (singleton)
[2025-12-02 07:03:57] info: Prisma connected
[2025-12-02 07:03:57] info: Server running on port 2000
[2025-12-02 07:04:11] info: Prisma adapter initialized
[2025-12-02 07:04:11] info: Prisma client initialized (singleton)
[2025-12-02 07:04:11] info: Prisma connected
[2025-12-02 07:04:11] info: Server running on port 2000
[2025-12-02 07:04:30] info: Prisma adapter initialized
[2025-12-02 07:04:30] info: Prisma client initialized (singleton)
[2025-12-02 07:04:30] info: Prisma connected
[2025-12-02 07:04:30] info: Server running on port 2000
[2025-12-02 07:04:40] info: Prisma adapter initialized
[2025-12-02 07:04:40] info: Prisma client initialized (singleton)
[2025-12-02 07:04:40] info: Prisma connected
[2025-12-02 07:04:40] info: Server running on port 2000
[2025-12-02 07:04:51] info: Prisma adapter initialized
[2025-12-02 07:04:51] info: Prisma client initialized (singleton)
[2025-12-02 07:04:51] info: Prisma connected
[2025-12-02 07:04:51] info: Server running on port 2000
[2025-12-02 07:04:56] error: [POST] /api/user/login -> Internal server error | Detail: "\nInvalid `PrismaService.client.user.findFirst()` invocation in\nD:\\Ashray\\orphan_dx\\server\\src\\controllers\\user.controller.ts:55:58\n\n  52 try {\n  53   const { email, password } = req.body;\n  54 \n→ 55   const userExists = await PrismaService.client.user.findFirst(\n"
[2025-12-02 07:05:12] info: Prisma adapter initialized
[2025-12-02 07:05:12] info: Prisma client initialized (singleton)
[2025-12-02 07:05:12] info: Prisma connected
[2025-12-02 07:05:12] info: Server running on port 2000
[2025-12-02 07:05:30] info: Prisma disconnected
[2025-12-02 07:05:36] info: Prisma adapter initialized
[2025-12-02 07:05:36] info: Prisma client initialized (singleton)
[2025-12-02 07:05:36] info: Prisma connected
[2025-12-02 07:05:36] info: Server running on port 2000
[2025-12-02 07:05:38] error: [POST] /api/user/login -> Internal server error | Detail: "\nInvalid `PrismaService.client.user.findUnique()` invocation in\nD:\\Ashray\\orphan_dx\\server\\src\\controllers\\user.controller.ts:55:58\n\n  52 try {\n  53   const { email, password } = req.body;\n  54 \n→ 55   const userExists = await PrismaService.client.user.findUnique(\n"
[2025-12-02 07:06:03] info: Prisma adapter initialized
[2025-12-02 07:06:03] info: Prisma client initialized (singleton)
[2025-12-02 07:06:03] info: Prisma connected
[2025-12-02 07:06:03] info: Server running on port 2000
[2025-12-02 07:06:30] error: Invalid token
[2025-12-02 07:06:30] error: [GET] /api/user -> Invalid token
[2025-12-02 07:06:43] error: User already exists
[2025-12-02 07:06:43] error: [POST] /api/user/register -> User already exists
[2025-12-02 08:30:34] info: Prisma adapter initialized
[2025-12-02 08:30:34] info: Prisma client initialized (singleton)
[2025-12-02 08:30:34] info: Prisma connected
[2025-12-02 08:30:34] info: Server running on port 2000
[2025-12-02 08:35:33] info: Prisma adapter initialized
[2025-12-02 08:35:33] info: Prisma client initialized (singleton)
[2025-12-02 08:35:33] info: Prisma connected
[2025-12-02 08:35:33] info: Server running on port 2000
[2025-12-02 08:35:50] info: Prisma adapter initialized
[2025-12-02 08:35:50] info: Prisma client initialized (singleton)
[2025-12-02 08:35:50] info: Prisma connected
[2025-12-02 08:35:50] info: Server running on port 2000
[2025-12-02 08:35:55] info: Prisma adapter initialized
[2025-12-02 08:35:55] info: Prisma client initialized (singleton)
[2025-12-02 08:35:55] info: Prisma connected
[2025-12-02 08:35:55] info: Server running on port 2000
[2025-12-02 08:39:56] info: Prisma adapter initialized
[2025-12-02 08:39:56] info: Prisma client initialized (singleton)
[2025-12-02 08:39:56] info: Prisma connected
[2025-12-02 08:39:56] info: Server running on port 2000
[2025-12-02 08:40:59] info: Prisma adapter initialized
[2025-12-02 08:40:59] info: Prisma client initialized (singleton)
[2025-12-02 08:40:59] info: Prisma connected
[2025-12-02 08:40:59] info: Server running on port 2000
[2025-12-02 08:42:42] info: Prisma adapter initialized
[2025-12-02 08:42:42] info: Prisma client initialized (singleton)
[2025-12-02 08:42:42] info: Prisma connected
[2025-12-02 08:42:42] info: Server running on port 2000
[2025-12-02 08:43:00] info: Prisma adapter initialized
[2025-12-02 08:43:00] info: Prisma client initialized (singleton)
[2025-12-02 08:43:00] info: Prisma connected
[2025-12-02 08:43:00] info: Server running on port 2000
[2025-12-02 08:43:00] info: Prisma adapter initialized
[2025-12-02 08:43:00] info: Prisma client initialized (singleton)
[2025-12-02 08:43:00] info: Prisma connected
[2025-12-02 08:43:00] info: Server running on port 2000
[2025-12-02 08:45:43] info: Prisma adapter initialized
[2025-12-02 08:45:43] info: Prisma client initialized (singleton)
[2025-12-02 08:45:43] info: Prisma connected
[2025-12-02 08:45:43] info: Server running on port 2000
[2025-12-02 08:46:09] info: Prisma adapter initialized
[2025-12-02 08:46:09] info: Prisma client initialized (singleton)
[2025-12-02 08:46:10] info: Prisma connected
[2025-12-02 08:46:10] info: Server running on port 2000
[2025-12-02 08:46:20] info: Prisma adapter initialized
[2025-12-02 08:46:20] info: Prisma client initialized (singleton)
[2025-12-02 08:46:20] info: Prisma connected
[2025-12-02 08:46:20] info: Server running on port 2000
[2025-12-02 08:47:21] info: Prisma adapter initialized
[2025-12-02 08:47:21] info: Prisma client initialized (singleton)
[2025-12-02 08:47:21] info: Prisma connected
[2025-12-02 08:47:21] info: Server running on port 2000
[2025-12-02 08:47:52] info: Prisma adapter initialized
[2025-12-02 08:47:52] info: Prisma client initialized (singleton)
[2025-12-02 08:47:52] info: Prisma connected
[2025-12-02 08:47:52] info: Server running on port 2000
[2025-12-02 08:48:31] info: Prisma disconnected
[2025-12-02 08:49:39] info: Prisma adapter initialized
[2025-12-02 08:49:39] info: Prisma client initialized (singleton)
[2025-12-02 08:49:39] info: Prisma connected
[2025-12-02 08:49:39] info: Server running on port 2000
[2025-12-02 08:50:00] info: Prisma adapter initialized
[2025-12-02 08:50:00] info: Prisma client initialized (singleton)
[2025-12-02 08:50:00] info: Prisma connected
[2025-12-02 08:50:00] info: Server running on port 2000
[2025-12-02 08:50:07] info: Prisma adapter initialized
[2025-12-02 08:50:07] info: Prisma client initialized (singleton)
[2025-12-02 08:50:07] info: Prisma connected
[2025-12-02 08:50:07] info: Server running on port 2000
[2025-12-02 08:51:15] info: Prisma adapter initialized
[2025-12-02 08:51:15] info: Prisma client initialized (singleton)
[2025-12-02 08:51:15] info: Prisma connected
[2025-12-02 08:51:15] info: Server running on port 2000
[2025-12-02 08:51:15] info: Prisma adapter initialized
[2025-12-02 08:51:15] info: Prisma client initialized (singleton)
[2025-12-02 08:51:15] info: Prisma connected
[2025-12-02 08:51:15] info: Server running on port 2000
[2025-12-02 08:51:36] info: Prisma adapter initialized
[2025-12-02 08:51:36] info: Prisma client initialized (singleton)
[2025-12-02 08:51:36] info: Prisma connected
[2025-12-02 08:51:36] info: Server running on port 2000
[2025-12-02 08:53:07] info: Prisma adapter initialized
[2025-12-02 08:53:07] info: Prisma client initialized (singleton)
[2025-12-02 08:53:07] info: Prisma connected
[2025-12-02 08:53:07] info: Server running on port 2000
[2025-12-02 08:53:19] info: Prisma adapter initialized
[2025-12-02 08:53:19] info: Prisma client initialized (singleton)
[2025-12-02 08:53:19] info: Prisma connected
[2025-12-02 08:53:19] info: Server running on port 2000
[2025-12-02 09:00:08] info: Prisma adapter initialized
[2025-12-02 09:00:08] info: Prisma client initialized (singleton)
[2025-12-02 09:00:08] info: Prisma connected
[2025-12-02 09:00:08] info: Server running on port 2000
[2025-12-02 09:02:05] info: Prisma adapter initialized
[2025-12-02 09:02:05] info: Prisma client initialized (singleton)
[2025-12-02 09:02:05] info: Prisma connected
[2025-12-02 09:02:05] info: Server running on port 2000
[2025-12-02 09:03:49] info: Prisma adapter initialized
[2025-12-02 09:03:49] info: Prisma client initialized (singleton)
[2025-12-02 09:03:49] info: Prisma connected
[2025-12-02 09:03:49] info: Server running on port 2000
[2025-12-02 09:06:41] info: Prisma adapter initialized
[2025-12-02 09:06:41] info: Prisma client initialized (singleton)
[2025-12-02 09:06:41] info: Prisma connected
[2025-12-02 09:06:41] info: Server running on port 2000
[2025-12-02 09:14:55] info: Prisma adapter initialized
[2025-12-02 09:14:55] info: Prisma client initialized (singleton)
[2025-12-02 09:14:55] info: Prisma connected
[2025-12-02 09:14:55] info: Server running on port 2000
[2025-12-02 09:15:20] info: Prisma adapter initialized
[2025-12-02 09:15:20] info: Prisma client initialized (singleton)
[2025-12-02 09:15:20] info: Prisma connected
[2025-12-02 09:15:20] info: Server running on port 2000
[2025-12-02 09:16:07] info: Prisma adapter initialized
[2025-12-02 09:16:07] info: Prisma client initialized (singleton)
[2025-12-02 09:16:07] info: Prisma connected
[2025-12-02 09:16:07] info: Server running on port 2000
[2025-12-02 09:17:01] info: Prisma adapter initialized
[2025-12-02 09:17:01] info: Prisma client initialized (singleton)
[2025-12-02 09:17:01] info: Prisma connected
[2025-12-02 09:17:01] info: Server running on port 2000
[2025-12-02 09:18:50] info: Prisma adapter initialized
[2025-12-02 09:18:50] info: Prisma client initialized (singleton)
[2025-12-02 09:18:50] info: Prisma connected
[2025-12-02 09:18:50] info: Server running on port 2000
[2025-12-02 09:20:29] info: Prisma adapter initialized
[2025-12-02 09:20:29] info: Prisma client initialized (singleton)
[2025-12-02 09:20:29] info: Prisma connected
[2025-12-02 09:20:29] info: Server running on port 2000
[2025-12-02 09:21:06] info: Prisma adapter initialized
[2025-12-02 09:21:06] info: Prisma client initialized (singleton)
[2025-12-02 09:21:06] info: Prisma connected
[2025-12-02 09:21:06] info: Server running on port 2000
[2025-12-02 09:21:38] info: Prisma adapter initialized
[2025-12-02 09:21:38] info: Prisma client initialized (singleton)
[2025-12-02 09:21:38] info: Prisma connected
[2025-12-02 09:21:38] info: Server running on port 2000
[2025-12-02 09:22:02] info: Prisma adapter initialized
[2025-12-02 09:22:02] info: Prisma client initialized (singleton)
[2025-12-02 09:22:02] info: Prisma connected
[2025-12-02 09:22:02] info: Server running on port 2000
[2025-12-02 09:25:18] info: Prisma adapter initialized
[2025-12-02 09:25:18] info: Prisma client initialized (singleton)
[2025-12-02 09:25:18] info: Prisma connected
[2025-12-02 09:25:18] info: Server running on port 2000
[2025-12-02 09:27:19] info: Prisma adapter initialized
[2025-12-02 09:27:19] info: Prisma client initialized (singleton)
[2025-12-02 09:27:19] info: Prisma connected
[2025-12-02 09:27:19] info: Server running on port 2000
[2025-12-02 09:27:33] info: Prisma adapter initialized
[2025-12-02 09:27:33] info: Prisma client initialized (singleton)
[2025-12-02 09:27:33] info: Prisma connected
[2025-12-02 09:27:33] info: Server running on port 2000
[2025-12-02 09:27:57] info: Prisma adapter initialized
[2025-12-02 09:27:57] info: Prisma client initialized (singleton)
[2025-12-02 09:27:57] info: Prisma connected
[2025-12-02 09:27:57] info: Server running on port 2000
[2025-12-02 09:28:13] info: Prisma adapter initialized
[2025-12-02 09:28:13] info: Prisma client initialized (singleton)
[2025-12-02 09:28:13] info: Prisma connected
[2025-12-02 09:28:13] info: Server running on port 2000
[2025-12-02 09:31:00] info: Prisma adapter initialized
[2025-12-02 09:31:00] info: Prisma client initialized (singleton)
[2025-12-02 09:31:00] info: Prisma connected
[2025-12-02 09:31:00] info: Server running on port 2000
[2025-12-02 09:31:24] error: Invalid token
[2025-12-02 09:31:24] error: [GET] /api/user -> Invalid token
[2025-12-02 09:32:06] error: Invalid refresh token
[2025-12-02 09:32:06] error: [POST] /api/user/refresh -> Invalid refresh token
[2025-12-02 09:32:10] error: User already exists
[2025-12-02 09:32:10] error: [POST] /api/user/register -> User already exists
[2025-12-02 09:32:51] error: Invalid token
[2025-12-02 09:32:51] error: [GET] /api/user -> Invalid token
[2025-12-02 13:54:32] info: Prisma adapter initialized
[2025-12-02 13:54:32] info: Prisma client initialized (singleton)
[2025-12-02 13:54:32] info: Prisma connected
[2025-12-02 13:54:32] info: Server running on port 2000
[2025-12-02 13:54:34] error: [GET] /api/user -> Internal server error
[2025-12-02 13:54:40] error: [POST] /api/user/login -> Internal server error | Detail: "\nInvalid `PrismaService.client.user.findUnique()` invocation in\nD:\\Ashray\\orphan_dx\\server\\src\\controllers\\user.controller.ts:55:58\n\n  52 try {\n  53   const { email, password } = req.body;\n  54 \n→ 55   const userExists = await PrismaService.client.user.findUnique(\n"
[2025-12-02 13:55:22] error: Invalid token
[2025-12-02 13:55:22] error: [GET] /api/user -> Invalid token
[2025-12-02 14:09:14] info: Prisma adapter initialized
[2025-12-02 14:09:14] info: Prisma client initialized (singleton)
[2025-12-02 14:09:14] info: Prisma connected
[2025-12-02 14:09:14] info: Server running on port 2000
